{
  "stats": {
    "suites": 1,
    "tests": 4,
    "passes": 4,
    "pending": 0,
    "failures": 0,
    "start": "2023-05-07T22:38:58.028Z",
    "end": "2023-05-07T22:39:06.992Z",
    "duration": 8964,
    "testsRegistered": 4,
    "passPercent": 100,
    "pendingPercent": 0,
    "other": 0,
    "hasOther": false,
    "skipped": 0,
    "hasSkipped": false
  },
  "results": [
    {
      "uuid": "41d538ec-662c-4d77-8485-c890a91b8262",
      "title": "",
      "fullFile": "cypress/e2e/3-alura-pic/alurapic.cy.js",
      "file": "cypress/e2e/3-alura-pic/alurapic.cy.js",
      "beforeHooks": [],
      "afterHooks": [],
      "tests": [],
      "suites": [
        {
          "uuid": "950d8f93-d057-415f-92a2-2907328b2656",
          "title": "Login e registros de usuários Alura pic",
          "fullFile": "",
          "file": "",
          "beforeHooks": [],
          "afterHooks": [],
          "tests": [
            {
              "title": "verifica mensagens de validação",
              "fullTitle": "Login e registros de usuários Alura pic verifica mensagens de validação",
              "timedOut": null,
              "duration": 2553,
              "state": "passed",
              "speed": "fast",
              "pass": true,
              "fail": false,
              "pending": false,
              "context": null,
              "code": "cy.contains('a', 'Register now').click();\ncy.contains('button', 'Register').click();\ncy.contains('ap-vmessage', 'Email is required!').should('be.visible');\ncy.contains('button', 'Register').click();\ncy.contains('ap-vmessage', 'Full name is required!').should('be.visible');\ncy.contains('ap-vmessage', 'Full name is required!').should('be.visible');\ncy.contains('ap-vmessage', 'User name is required!').should('be.visible');\ncy.contains('ap-vmessage', 'Password is required!').should('be.visible');",
              "err": {},
              "uuid": "54999049-0617-4c4f-adeb-286be849d637",
              "parentUUID": "950d8f93-d057-415f-92a2-2907328b2656",
              "isHook": false,
              "skipped": false
            },
            {
              "title": "verifica mensagens de email inválido",
              "fullTitle": "Login e registros de usuários Alura pic verifica mensagens de email inválido",
              "timedOut": null,
              "duration": 1523,
              "state": "passed",
              "speed": "fast",
              "pass": true,
              "fail": false,
              "pending": false,
              "context": null,
              "code": "cy.contains('a', 'Register now').click();\ncy.contains('button', 'Register').click();\ncy.get('input[formcontrolname=\"email\"]').type('Eliete');\ncy.contains('ap-vmessage', 'Invalid e-mail').should('be.visible');",
              "err": {},
              "uuid": "10c08844-c731-4de8-a10a-87dd855fcd84",
              "parentUUID": "950d8f93-d057-415f-92a2-2907328b2656",
              "isHook": false,
              "skipped": false
            },
            {
              "title": "verifica mensagens de nome completo inválido e com menos de 2 caracteres",
              "fullTitle": "Login e registros de usuários Alura pic verifica mensagens de nome completo inválido e com menos de 2 caracteres",
              "timedOut": null,
              "duration": 1231,
              "state": "passed",
              "speed": "fast",
              "pass": true,
              "fail": false,
              "pending": false,
              "context": null,
              "code": "cy.contains('a', 'Register now').click();\ncy.contains('button', 'Register').dblclick();\ncy.get('input[formcontrolname=\"userName\"]').type('E');\ncy.contains('button', 'Register').click();\ncy.contains('ap-vmessage', 'Mininum length is 2').should('be.visible');\n//cy.contains('ap-vmessage', 'Full name is required!').should('be.visible');",
              "err": {},
              "uuid": "09e47b76-5322-41c6-84ee-729eb7e121c3",
              "parentUUID": "950d8f93-d057-415f-92a2-2907328b2656",
              "isHook": false,
              "skipped": false
            },
            {
              "title": "verifica mensagens de senha com menos de 8 caracteres",
              "fullTitle": "Login e registros de usuários Alura pic verifica mensagens de senha com menos de 8 caracteres",
              "timedOut": null,
              "duration": 1286,
              "state": "passed",
              "speed": "fast",
              "pass": true,
              "fail": false,
              "pending": false,
              "context": null,
              "code": "cy.contains('a', 'Register now').click();\ncy.contains('button', 'Register').click();\ncy.get('input[formcontrolname=\"password\"]').type('123');\ncy.contains('button', 'Register').click();\ncy.contains('ap-vmessage', 'Mininum length is 8').should('be.visible');",
              "err": {},
              "uuid": "244ca722-bf7b-4fc6-bc7f-32550beb6687",
              "parentUUID": "950d8f93-d057-415f-92a2-2907328b2656",
              "isHook": false,
              "skipped": false
            }
          ],
          "suites": [],
          "passes": [
            "54999049-0617-4c4f-adeb-286be849d637",
            "10c08844-c731-4de8-a10a-87dd855fcd84",
            "09e47b76-5322-41c6-84ee-729eb7e121c3",
            "244ca722-bf7b-4fc6-bc7f-32550beb6687"
          ],
          "failures": [],
          "pending": [],
          "skipped": [],
          "duration": 6593,
          "root": false,
          "rootEmpty": false,
          "_timeout": 2000
        }
      ],
      "passes": [],
      "failures": [],
      "pending": [],
      "skipped": [],
      "duration": 0,
      "root": true,
      "rootEmpty": true,
      "_timeout": 2000
    }
  ],
  "meta": {
    "mocha": {
      "version": "7.0.1"
    },
    "mochawesome": {
      "options": {
        "quiet": false,
        "reportFilename": "mochawesome",
        "saveHtml": true,
        "saveJson": true,
        "consoleReporter": "spec",
        "useInlineDiffs": false,
        "code": true
      },
      "version": "7.1.3"
    },
    "marge": {
      "options": null,
      "version": "6.2.0"
    }
  }
}